C:\USERS\JH\DOCUMENTS\VISUAL STUDIO 2010\PROJECTS\LIVE555\DEBUG\LIBLIVEMEDIA.LIB
C:\USERS\JH\DOCUMENTS\VISUAL STUDIO 2010\PROJECTS\LIVE555\LIVEMEDIA\DEBUG\AACAUDIOMATROSKAFILESERVERMEDIASUBSESSION.OBJ
C:\USERS\JH\DOCUMENTS\VISUAL STUDIO 2010\PROJECTS\LIVE555\LIVEMEDIA\DEBUG\AC3AUDIOFILESERVERMEDIASUBSESSION.OBJ
C:\USERS\JH\DOCUMENTS\VISUAL STUDIO 2010\PROJECTS\LIVE555\LIVEMEDIA\DEBUG\AC3AUDIOMATROSKAFILESERVERMEDIASUBSESSION.OBJ
C:\USERS\JH\DOCUMENTS\VISUAL STUDIO 2010\PROJECTS\LIVE555\LIVEMEDIA\DEBUG\AC3AUDIORTPSINK.OBJ
C:\USERS\JH\DOCUMENTS\VISUAL STUDIO 2010\PROJECTS\LIVE555\LIVEMEDIA\DEBUG\AC3AUDIORTPSOURCE.OBJ
C:\USERS\JH\DOCUMENTS\VISUAL STUDIO 2010\PROJECTS\LIVE555\LIVEMEDIA\DEBUG\AC3AUDIOSTREAMFRAMER.OBJ
C:\USERS\JH\DOCUMENTS\VISUAL STUDIO 2010\PROJECTS\LIVE555\LIVEMEDIA\DEBUG\ADTSAUDIOFILESERVERMEDIASUBSESSION.OBJ
C:\USERS\JH\DOCUMENTS\VISUAL STUDIO 2010\PROJECTS\LIVE555\LIVEMEDIA\DEBUG\ADTSAUDIOFILESOURCE.OBJ
C:\USERS\JH\DOCUMENTS\VISUAL STUDIO 2010\PROJECTS\LIVE555\LIVEMEDIA\DEBUG\AMRAUDIOFILESERVERMEDIASUBSESSION.OBJ
C:\USERS\JH\DOCUMENTS\VISUAL STUDIO 2010\PROJECTS\LIVE555\LIVEMEDIA\DEBUG\AMRAUDIOFILESINK.OBJ
C:\USERS\JH\DOCUMENTS\VISUAL STUDIO 2010\PROJECTS\LIVE555\LIVEMEDIA\DEBUG\AMRAUDIOFILESOURCE.OBJ
C:\USERS\JH\DOCUMENTS\VISUAL STUDIO 2010\PROJECTS\LIVE555\LIVEMEDIA\DEBUG\AMRAUDIORTPSINK.OBJ
C:\USERS\JH\DOCUMENTS\VISUAL STUDIO 2010\PROJECTS\LIVE555\LIVEMEDIA\DEBUG\AMRAUDIORTPSOURCE.OBJ
C:\USERS\JH\DOCUMENTS\VISUAL STUDIO 2010\PROJECTS\LIVE555\LIVEMEDIA\DEBUG\AMRAUDIOSOURCE.OBJ
C:\USERS\JH\DOCUMENTS\VISUAL STUDIO 2010\PROJECTS\LIVE555\LIVEMEDIA\DEBUG\AUDIOINPUTDEVICE.OBJ
C:\USERS\JH\DOCUMENTS\VISUAL STUDIO 2010\PROJECTS\LIVE555\LIVEMEDIA\DEBUG\AUDIORTPSINK.OBJ
C:\USERS\JH\DOCUMENTS\VISUAL STUDIO 2010\PROJECTS\LIVE555\LIVEMEDIA\DEBUG\AVIFILESINK.OBJ
C:\USERS\JH\DOCUMENTS\VISUAL STUDIO 2010\PROJECTS\LIVE555\LIVEMEDIA\DEBUG\BASE64.OBJ
C:\USERS\JH\DOCUMENTS\VISUAL STUDIO 2010\PROJECTS\LIVE555\LIVEMEDIA\DEBUG\BASICUDPSINK.OBJ
C:\USERS\JH\DOCUMENTS\VISUAL STUDIO 2010\PROJECTS\LIVE555\LIVEMEDIA\DEBUG\BASICUDPSOURCE.OBJ
C:\USERS\JH\DOCUMENTS\VISUAL STUDIO 2010\PROJECTS\LIVE555\LIVEMEDIA\DEBUG\BITVECTOR.OBJ
C:\USERS\JH\DOCUMENTS\VISUAL STUDIO 2010\PROJECTS\LIVE555\LIVEMEDIA\DEBUG\BYTESTREAMFILESOURCE.OBJ
C:\USERS\JH\DOCUMENTS\VISUAL STUDIO 2010\PROJECTS\LIVE555\LIVEMEDIA\DEBUG\BYTESTREAMMEMORYBUFFERSOURCE.OBJ
C:\USERS\JH\DOCUMENTS\VISUAL STUDIO 2010\PROJECTS\LIVE555\LIVEMEDIA\DEBUG\BYTESTREAMMULTIFILESOURCE.OBJ
C:\Users\jh\Documents\Visual Studio 2010\Projects\live555\liveMedia\Debug\cl.command.1.tlog
C:\Users\jh\Documents\Visual Studio 2010\Projects\live555\liveMedia\Debug\CL.read.1.tlog
C:\Users\jh\Documents\Visual Studio 2010\Projects\live555\liveMedia\Debug\CL.write.1.tlog
C:\USERS\JH\DOCUMENTS\VISUAL STUDIO 2010\PROJECTS\LIVE555\LIVEMEDIA\DEBUG\DARWININJECTOR.OBJ
C:\USERS\JH\DOCUMENTS\VISUAL STUDIO 2010\PROJECTS\LIVE555\LIVEMEDIA\DEBUG\DEVICESOURCE.OBJ
C:\USERS\JH\DOCUMENTS\VISUAL STUDIO 2010\PROJECTS\LIVE555\LIVEMEDIA\DEBUG\DIGESTAUTHENTICATION.OBJ
C:\USERS\JH\DOCUMENTS\VISUAL STUDIO 2010\PROJECTS\LIVE555\LIVEMEDIA\DEBUG\DVVIDEOFILESERVERMEDIASUBSESSION.OBJ
C:\USERS\JH\DOCUMENTS\VISUAL STUDIO 2010\PROJECTS\LIVE555\LIVEMEDIA\DEBUG\DVVIDEORTPSINK.OBJ
C:\USERS\JH\DOCUMENTS\VISUAL STUDIO 2010\PROJECTS\LIVE555\LIVEMEDIA\DEBUG\DVVIDEORTPSOURCE.OBJ
C:\USERS\JH\DOCUMENTS\VISUAL STUDIO 2010\PROJECTS\LIVE555\LIVEMEDIA\DEBUG\DVVIDEOSTREAMFRAMER.OBJ
C:\USERS\JH\DOCUMENTS\VISUAL STUDIO 2010\PROJECTS\LIVE555\LIVEMEDIA\DEBUG\EBMLNUMBER.OBJ
C:\USERS\JH\DOCUMENTS\VISUAL STUDIO 2010\PROJECTS\LIVE555\LIVEMEDIA\DEBUG\FILESERVERMEDIASUBSESSION.OBJ
C:\USERS\JH\DOCUMENTS\VISUAL STUDIO 2010\PROJECTS\LIVE555\LIVEMEDIA\DEBUG\FILESINK.OBJ
C:\USERS\JH\DOCUMENTS\VISUAL STUDIO 2010\PROJECTS\LIVE555\LIVEMEDIA\DEBUG\FRAMEDFILESOURCE.OBJ
C:\USERS\JH\DOCUMENTS\VISUAL STUDIO 2010\PROJECTS\LIVE555\LIVEMEDIA\DEBUG\FRAMEDFILTER.OBJ
C:\USERS\JH\DOCUMENTS\VISUAL STUDIO 2010\PROJECTS\LIVE555\LIVEMEDIA\DEBUG\FRAMEDSOURCE.OBJ
C:\USERS\JH\DOCUMENTS\VISUAL STUDIO 2010\PROJECTS\LIVE555\LIVEMEDIA\DEBUG\GSMAUDIORTPSINK.OBJ
C:\USERS\JH\DOCUMENTS\VISUAL STUDIO 2010\PROJECTS\LIVE555\LIVEMEDIA\DEBUG\H261VIDEORTPSOURCE.OBJ
C:\USERS\JH\DOCUMENTS\VISUAL STUDIO 2010\PROJECTS\LIVE555\LIVEMEDIA\DEBUG\H263PLUSVIDEOFILESERVERMEDIASUBSESSION.OBJ
C:\USERS\JH\DOCUMENTS\VISUAL STUDIO 2010\PROJECTS\LIVE555\LIVEMEDIA\DEBUG\H263PLUSVIDEORTPSINK.OBJ
C:\USERS\JH\DOCUMENTS\VISUAL STUDIO 2010\PROJECTS\LIVE555\LIVEMEDIA\DEBUG\H263PLUSVIDEORTPSOURCE.OBJ
C:\USERS\JH\DOCUMENTS\VISUAL STUDIO 2010\PROJECTS\LIVE555\LIVEMEDIA\DEBUG\H263PLUSVIDEOSTREAMFRAMER.OBJ
C:\USERS\JH\DOCUMENTS\VISUAL STUDIO 2010\PROJECTS\LIVE555\LIVEMEDIA\DEBUG\H263PLUSVIDEOSTREAMPARSER.OBJ
C:\USERS\JH\DOCUMENTS\VISUAL STUDIO 2010\PROJECTS\LIVE555\LIVEMEDIA\DEBUG\H264VIDEOFILESERVERMEDIASUBSESSION.OBJ
C:\USERS\JH\DOCUMENTS\VISUAL STUDIO 2010\PROJECTS\LIVE555\LIVEMEDIA\DEBUG\H264VIDEOFILESINK.OBJ
C:\USERS\JH\DOCUMENTS\VISUAL STUDIO 2010\PROJECTS\LIVE555\LIVEMEDIA\DEBUG\H264VIDEOMATROSKAFILESERVERMEDIASUBSESSION.OBJ
C:\USERS\JH\DOCUMENTS\VISUAL STUDIO 2010\PROJECTS\LIVE555\LIVEMEDIA\DEBUG\H264VIDEORTPSINK.OBJ
C:\USERS\JH\DOCUMENTS\VISUAL STUDIO 2010\PROJECTS\LIVE555\LIVEMEDIA\DEBUG\H264VIDEORTPSOURCE.OBJ
C:\USERS\JH\DOCUMENTS\VISUAL STUDIO 2010\PROJECTS\LIVE555\LIVEMEDIA\DEBUG\H264VIDEOSTREAMDISCRETEFRAMER.OBJ
C:\USERS\JH\DOCUMENTS\VISUAL STUDIO 2010\PROJECTS\LIVE555\LIVEMEDIA\DEBUG\H264VIDEOSTREAMFRAMER.OBJ
C:\USERS\JH\DOCUMENTS\VISUAL STUDIO 2010\PROJECTS\LIVE555\LIVEMEDIA\DEBUG\INPUTFILE.OBJ
C:\USERS\JH\DOCUMENTS\VISUAL STUDIO 2010\PROJECTS\LIVE555\LIVEMEDIA\DEBUG\JPEGVIDEORTPSINK.OBJ
C:\USERS\JH\DOCUMENTS\VISUAL STUDIO 2010\PROJECTS\LIVE555\LIVEMEDIA\DEBUG\JPEGVIDEORTPSOURCE.OBJ
C:\USERS\JH\DOCUMENTS\VISUAL STUDIO 2010\PROJECTS\LIVE555\LIVEMEDIA\DEBUG\JPEGVIDEOSOURCE.OBJ
C:\Users\jh\Documents\Visual Studio 2010\Projects\live555\liveMedia\Debug\lib.command.1.tlog
C:\Users\jh\Documents\Visual Studio 2010\Projects\live555\liveMedia\Debug\Lib-link.read.1.tlog
C:\Users\jh\Documents\Visual Studio 2010\Projects\live555\liveMedia\Debug\Lib-link.write.1.tlog
C:\USERS\JH\DOCUMENTS\VISUAL STUDIO 2010\PROJECTS\LIVE555\LIVEMEDIA\DEBUG\LOCALE.OBJ
C:\USERS\JH\DOCUMENTS\VISUAL STUDIO 2010\PROJECTS\LIVE555\LIVEMEDIA\DEBUG\MATROSKADEMUXEDTRACK.OBJ
C:\USERS\JH\DOCUMENTS\VISUAL STUDIO 2010\PROJECTS\LIVE555\LIVEMEDIA\DEBUG\MATROSKAFILE.OBJ
C:\USERS\JH\DOCUMENTS\VISUAL STUDIO 2010\PROJECTS\LIVE555\LIVEMEDIA\DEBUG\MATROSKAFILEPARSER.OBJ
C:\USERS\JH\DOCUMENTS\VISUAL STUDIO 2010\PROJECTS\LIVE555\LIVEMEDIA\DEBUG\MATROSKAFILESERVERDEMUX.OBJ
C:\USERS\JH\DOCUMENTS\VISUAL STUDIO 2010\PROJECTS\LIVE555\LIVEMEDIA\DEBUG\MEDIA.OBJ
C:\USERS\JH\DOCUMENTS\VISUAL STUDIO 2010\PROJECTS\LIVE555\LIVEMEDIA\DEBUG\MEDIASESSION.OBJ
C:\USERS\JH\DOCUMENTS\VISUAL STUDIO 2010\PROJECTS\LIVE555\LIVEMEDIA\DEBUG\MEDIASINK.OBJ
C:\USERS\JH\DOCUMENTS\VISUAL STUDIO 2010\PROJECTS\LIVE555\LIVEMEDIA\DEBUG\MEDIASOURCE.OBJ
C:\USERS\JH\DOCUMENTS\VISUAL STUDIO 2010\PROJECTS\LIVE555\LIVEMEDIA\DEBUG\MP3ADU.OBJ
C:\USERS\JH\DOCUMENTS\VISUAL STUDIO 2010\PROJECTS\LIVE555\LIVEMEDIA\DEBUG\MP3ADUDESCRIPTOR.OBJ
C:\USERS\JH\DOCUMENTS\VISUAL STUDIO 2010\PROJECTS\LIVE555\LIVEMEDIA\DEBUG\MP3ADUINTERLEAVING.OBJ
C:\USERS\JH\DOCUMENTS\VISUAL STUDIO 2010\PROJECTS\LIVE555\LIVEMEDIA\DEBUG\MP3ADURTPSINK.OBJ
C:\USERS\JH\DOCUMENTS\VISUAL STUDIO 2010\PROJECTS\LIVE555\LIVEMEDIA\DEBUG\MP3ADURTPSOURCE.OBJ
C:\USERS\JH\DOCUMENTS\VISUAL STUDIO 2010\PROJECTS\LIVE555\LIVEMEDIA\DEBUG\MP3ADUTRANSCODER.OBJ
C:\USERS\JH\DOCUMENTS\VISUAL STUDIO 2010\PROJECTS\LIVE555\LIVEMEDIA\DEBUG\MP3AUDIOFILESERVERMEDIASUBSESSION.OBJ
C:\USERS\JH\DOCUMENTS\VISUAL STUDIO 2010\PROJECTS\LIVE555\LIVEMEDIA\DEBUG\MP3AUDIOMATROSKAFILESERVERMEDIASUBSESSION.OBJ
C:\USERS\JH\DOCUMENTS\VISUAL STUDIO 2010\PROJECTS\LIVE555\LIVEMEDIA\DEBUG\MP3FILESOURCE.OBJ
C:\USERS\JH\DOCUMENTS\VISUAL STUDIO 2010\PROJECTS\LIVE555\LIVEMEDIA\DEBUG\MP3INTERNALS.OBJ
C:\USERS\JH\DOCUMENTS\VISUAL STUDIO 2010\PROJECTS\LIVE555\LIVEMEDIA\DEBUG\MP3INTERNALSHUFFMAN.OBJ
C:\USERS\JH\DOCUMENTS\VISUAL STUDIO 2010\PROJECTS\LIVE555\LIVEMEDIA\DEBUG\MP3INTERNALSHUFFMANTABLE.OBJ
C:\USERS\JH\DOCUMENTS\VISUAL STUDIO 2010\PROJECTS\LIVE555\LIVEMEDIA\DEBUG\MP3STREAMSTATE.OBJ
C:\USERS\JH\DOCUMENTS\VISUAL STUDIO 2010\PROJECTS\LIVE555\LIVEMEDIA\DEBUG\MP3TRANSCODER.OBJ
C:\USERS\JH\DOCUMENTS\VISUAL STUDIO 2010\PROJECTS\LIVE555\LIVEMEDIA\DEBUG\MPEG1OR2AUDIORTPSINK.OBJ
C:\USERS\JH\DOCUMENTS\VISUAL STUDIO 2010\PROJECTS\LIVE555\LIVEMEDIA\DEBUG\MPEG1OR2AUDIORTPSOURCE.OBJ
C:\USERS\JH\DOCUMENTS\VISUAL STUDIO 2010\PROJECTS\LIVE555\LIVEMEDIA\DEBUG\MPEG1OR2AUDIOSTREAMFRAMER.OBJ
C:\USERS\JH\DOCUMENTS\VISUAL STUDIO 2010\PROJECTS\LIVE555\LIVEMEDIA\DEBUG\MPEG1OR2DEMUX.OBJ
C:\USERS\JH\DOCUMENTS\VISUAL STUDIO 2010\PROJECTS\LIVE555\LIVEMEDIA\DEBUG\MPEG1OR2DEMUXEDELEMENTARYSTREAM.OBJ
C:\USERS\JH\DOCUMENTS\VISUAL STUDIO 2010\PROJECTS\LIVE555\LIVEMEDIA\DEBUG\MPEG1OR2DEMUXEDSERVERMEDIASUBSESSION.OBJ
C:\USERS\JH\DOCUMENTS\VISUAL STUDIO 2010\PROJECTS\LIVE555\LIVEMEDIA\DEBUG\MPEG1OR2FILESERVERDEMUX.OBJ
C:\USERS\JH\DOCUMENTS\VISUAL STUDIO 2010\PROJECTS\LIVE555\LIVEMEDIA\DEBUG\MPEG1OR2VIDEOFILESERVERMEDIASUBSESSION.OBJ
C:\USERS\JH\DOCUMENTS\VISUAL STUDIO 2010\PROJECTS\LIVE555\LIVEMEDIA\DEBUG\MPEG1OR2VIDEORTPSINK.OBJ
C:\USERS\JH\DOCUMENTS\VISUAL STUDIO 2010\PROJECTS\LIVE555\LIVEMEDIA\DEBUG\MPEG1OR2VIDEORTPSOURCE.OBJ
C:\USERS\JH\DOCUMENTS\VISUAL STUDIO 2010\PROJECTS\LIVE555\LIVEMEDIA\DEBUG\MPEG1OR2VIDEOSTREAMDISCRETEFRAMER.OBJ
C:\USERS\JH\DOCUMENTS\VISUAL STUDIO 2010\PROJECTS\LIVE555\LIVEMEDIA\DEBUG\MPEG1OR2VIDEOSTREAMFRAMER.OBJ
C:\USERS\JH\DOCUMENTS\VISUAL STUDIO 2010\PROJECTS\LIVE555\LIVEMEDIA\DEBUG\MPEG2INDEXFROMTRANSPORTSTREAM.OBJ
C:\USERS\JH\DOCUMENTS\VISUAL STUDIO 2010\PROJECTS\LIVE555\LIVEMEDIA\DEBUG\MPEG2TRANSPORTFILESERVERMEDIASUBSESSION.OBJ
C:\USERS\JH\DOCUMENTS\VISUAL STUDIO 2010\PROJECTS\LIVE555\LIVEMEDIA\DEBUG\MPEG2TRANSPORTSTREAMFRAMER.OBJ
C:\USERS\JH\DOCUMENTS\VISUAL STUDIO 2010\PROJECTS\LIVE555\LIVEMEDIA\DEBUG\MPEG2TRANSPORTSTREAMFROMESSOURCE.OBJ
C:\USERS\JH\DOCUMENTS\VISUAL STUDIO 2010\PROJECTS\LIVE555\LIVEMEDIA\DEBUG\MPEG2TRANSPORTSTREAMFROMPESSOURCE.OBJ
C:\USERS\JH\DOCUMENTS\VISUAL STUDIO 2010\PROJECTS\LIVE555\LIVEMEDIA\DEBUG\MPEG2TRANSPORTSTREAMINDEXFILE.OBJ
C:\USERS\JH\DOCUMENTS\VISUAL STUDIO 2010\PROJECTS\LIVE555\LIVEMEDIA\DEBUG\MPEG2TRANSPORTSTREAMMULTIPLEXOR.OBJ
C:\USERS\JH\DOCUMENTS\VISUAL STUDIO 2010\PROJECTS\LIVE555\LIVEMEDIA\DEBUG\MPEG2TRANSPORTSTREAMTRICKMODEFILTER.OBJ
C:\USERS\JH\DOCUMENTS\VISUAL STUDIO 2010\PROJECTS\LIVE555\LIVEMEDIA\DEBUG\MPEG2TRANSPORTUDPSERVERMEDIASUBSESSION.OBJ
C:\USERS\JH\DOCUMENTS\VISUAL STUDIO 2010\PROJECTS\LIVE555\LIVEMEDIA\DEBUG\MPEG4ESVIDEORTPSINK.OBJ
C:\USERS\JH\DOCUMENTS\VISUAL STUDIO 2010\PROJECTS\LIVE555\LIVEMEDIA\DEBUG\MPEG4ESVIDEORTPSOURCE.OBJ
C:\USERS\JH\DOCUMENTS\VISUAL STUDIO 2010\PROJECTS\LIVE555\LIVEMEDIA\DEBUG\MPEG4GENERICRTPSINK.OBJ
C:\USERS\JH\DOCUMENTS\VISUAL STUDIO 2010\PROJECTS\LIVE555\LIVEMEDIA\DEBUG\MPEG4GENERICRTPSOURCE.OBJ
C:\USERS\JH\DOCUMENTS\VISUAL STUDIO 2010\PROJECTS\LIVE555\LIVEMEDIA\DEBUG\MPEG4LATMAUDIORTPSINK.OBJ
C:\USERS\JH\DOCUMENTS\VISUAL STUDIO 2010\PROJECTS\LIVE555\LIVEMEDIA\DEBUG\MPEG4LATMAUDIORTPSOURCE.OBJ
C:\USERS\JH\DOCUMENTS\VISUAL STUDIO 2010\PROJECTS\LIVE555\LIVEMEDIA\DEBUG\MPEG4VIDEOFILESERVERMEDIASUBSESSION.OBJ
C:\USERS\JH\DOCUMENTS\VISUAL STUDIO 2010\PROJECTS\LIVE555\LIVEMEDIA\DEBUG\MPEG4VIDEOSTREAMDISCRETEFRAMER.OBJ
C:\USERS\JH\DOCUMENTS\VISUAL STUDIO 2010\PROJECTS\LIVE555\LIVEMEDIA\DEBUG\MPEG4VIDEOSTREAMFRAMER.OBJ
C:\USERS\JH\DOCUMENTS\VISUAL STUDIO 2010\PROJECTS\LIVE555\LIVEMEDIA\DEBUG\MPEGVIDEOSTREAMFRAMER.OBJ
C:\USERS\JH\DOCUMENTS\VISUAL STUDIO 2010\PROJECTS\LIVE555\LIVEMEDIA\DEBUG\MPEGVIDEOSTREAMPARSER.OBJ
C:\USERS\JH\DOCUMENTS\VISUAL STUDIO 2010\PROJECTS\LIVE555\LIVEMEDIA\DEBUG\MULTIFRAMEDRTPSINK.OBJ
C:\USERS\JH\DOCUMENTS\VISUAL STUDIO 2010\PROJECTS\LIVE555\LIVEMEDIA\DEBUG\MULTIFRAMEDRTPSOURCE.OBJ
C:\USERS\JH\DOCUMENTS\VISUAL STUDIO 2010\PROJECTS\LIVE555\LIVEMEDIA\DEBUG\ONDEMANDSERVERMEDIASUBSESSION.OBJ
C:\USERS\JH\DOCUMENTS\VISUAL STUDIO 2010\PROJECTS\LIVE555\LIVEMEDIA\DEBUG\OUR_MD5.OBJ
C:\USERS\JH\DOCUMENTS\VISUAL STUDIO 2010\PROJECTS\LIVE555\LIVEMEDIA\DEBUG\OUR_MD5HL.OBJ
C:\USERS\JH\DOCUMENTS\VISUAL STUDIO 2010\PROJECTS\LIVE555\LIVEMEDIA\DEBUG\OUTPUTFILE.OBJ
C:\USERS\JH\DOCUMENTS\VISUAL STUDIO 2010\PROJECTS\LIVE555\LIVEMEDIA\DEBUG\PASSIVESERVERMEDIASUBSESSION.OBJ
C:\USERS\JH\DOCUMENTS\VISUAL STUDIO 2010\PROJECTS\LIVE555\LIVEMEDIA\DEBUG\PROXYSERVERMEDIASESSION.OBJ
C:\USERS\JH\DOCUMENTS\VISUAL STUDIO 2010\PROJECTS\LIVE555\LIVEMEDIA\DEBUG\QCELPAUDIORTPSOURCE.OBJ
C:\USERS\JH\DOCUMENTS\VISUAL STUDIO 2010\PROJECTS\LIVE555\LIVEMEDIA\DEBUG\QUICKTIMEFILESINK.OBJ
C:\USERS\JH\DOCUMENTS\VISUAL STUDIO 2010\PROJECTS\LIVE555\LIVEMEDIA\DEBUG\QUICKTIMEGENERICRTPSOURCE.OBJ
C:\USERS\JH\DOCUMENTS\VISUAL STUDIO 2010\PROJECTS\LIVE555\LIVEMEDIA\DEBUG\RTCP.OBJ
C:\USERS\JH\DOCUMENTS\VISUAL STUDIO 2010\PROJECTS\LIVE555\LIVEMEDIA\DEBUG\RTCP_FROM_SPEC.OBJ
C:\USERS\JH\DOCUMENTS\VISUAL STUDIO 2010\PROJECTS\LIVE555\LIVEMEDIA\DEBUG\RTPINTERFACE.OBJ
C:\USERS\JH\DOCUMENTS\VISUAL STUDIO 2010\PROJECTS\LIVE555\LIVEMEDIA\DEBUG\RTPSINK.OBJ
C:\USERS\JH\DOCUMENTS\VISUAL STUDIO 2010\PROJECTS\LIVE555\LIVEMEDIA\DEBUG\RTPSOURCE.OBJ
C:\USERS\JH\DOCUMENTS\VISUAL STUDIO 2010\PROJECTS\LIVE555\LIVEMEDIA\DEBUG\RTSPCLIENT.OBJ
C:\USERS\JH\DOCUMENTS\VISUAL STUDIO 2010\PROJECTS\LIVE555\LIVEMEDIA\DEBUG\RTSPCOMMON.OBJ
C:\USERS\JH\DOCUMENTS\VISUAL STUDIO 2010\PROJECTS\LIVE555\LIVEMEDIA\DEBUG\RTSPSERVER.OBJ
C:\USERS\JH\DOCUMENTS\VISUAL STUDIO 2010\PROJECTS\LIVE555\LIVEMEDIA\DEBUG\RTSPSERVERSUPPORTINGHTTPSTREAMING.OBJ
C:\USERS\JH\DOCUMENTS\VISUAL STUDIO 2010\PROJECTS\LIVE555\LIVEMEDIA\DEBUG\SERVERMEDIASESSION.OBJ
C:\USERS\JH\DOCUMENTS\VISUAL STUDIO 2010\PROJECTS\LIVE555\LIVEMEDIA\DEBUG\SIMPLERTPSINK.OBJ
C:\USERS\JH\DOCUMENTS\VISUAL STUDIO 2010\PROJECTS\LIVE555\LIVEMEDIA\DEBUG\SIMPLERTPSOURCE.OBJ
C:\USERS\JH\DOCUMENTS\VISUAL STUDIO 2010\PROJECTS\LIVE555\LIVEMEDIA\DEBUG\SIPCLIENT.OBJ
C:\USERS\JH\DOCUMENTS\VISUAL STUDIO 2010\PROJECTS\LIVE555\LIVEMEDIA\DEBUG\STREAMPARSER.OBJ
C:\USERS\JH\DOCUMENTS\VISUAL STUDIO 2010\PROJECTS\LIVE555\LIVEMEDIA\DEBUG\STREAMREPLICATOR.OBJ
C:\USERS\JH\DOCUMENTS\VISUAL STUDIO 2010\PROJECTS\LIVE555\LIVEMEDIA\DEBUG\T140TEXTMATROSKAFILESERVERMEDIASUBSESSION.OBJ
C:\USERS\JH\DOCUMENTS\VISUAL STUDIO 2010\PROJECTS\LIVE555\LIVEMEDIA\DEBUG\T140TEXTRTPSINK.OBJ
C:\USERS\JH\DOCUMENTS\VISUAL STUDIO 2010\PROJECTS\LIVE555\LIVEMEDIA\DEBUG\TCPSTREAMSINK.OBJ
C:\USERS\JH\DOCUMENTS\VISUAL STUDIO 2010\PROJECTS\LIVE555\LIVEMEDIA\DEBUG\TEXTRTPSINK.OBJ
C:\USERS\JH\DOCUMENTS\VISUAL STUDIO 2010\PROJECTS\LIVE555\LIVEMEDIA\DEBUG\ULAWAUDIOFILTER.OBJ
C:\Users\jh\Documents\Visual Studio 2010\Projects\live555\liveMedia\Debug\vc100.idb
C:\USERS\JH\DOCUMENTS\VISUAL STUDIO 2010\PROJECTS\LIVE555\LIVEMEDIA\DEBUG\VC100.PDB
C:\USERS\JH\DOCUMENTS\VISUAL STUDIO 2010\PROJECTS\LIVE555\LIVEMEDIA\DEBUG\VIDEORTPSINK.OBJ
C:\USERS\JH\DOCUMENTS\VISUAL STUDIO 2010\PROJECTS\LIVE555\LIVEMEDIA\DEBUG\VORBISAUDIOMATROSKAFILESERVERMEDIASUBSESSION.OBJ
C:\USERS\JH\DOCUMENTS\VISUAL STUDIO 2010\PROJECTS\LIVE555\LIVEMEDIA\DEBUG\VORBISAUDIORTPSINK.OBJ
C:\USERS\JH\DOCUMENTS\VISUAL STUDIO 2010\PROJECTS\LIVE555\LIVEMEDIA\DEBUG\VORBISAUDIORTPSOURCE.OBJ
C:\USERS\JH\DOCUMENTS\VISUAL STUDIO 2010\PROJECTS\LIVE555\LIVEMEDIA\DEBUG\VP8VIDEOMATROSKAFILESERVERMEDIASUBSESSION.OBJ
C:\USERS\JH\DOCUMENTS\VISUAL STUDIO 2010\PROJECTS\LIVE555\LIVEMEDIA\DEBUG\VP8VIDEORTPSINK.OBJ
C:\USERS\JH\DOCUMENTS\VISUAL STUDIO 2010\PROJECTS\LIVE555\LIVEMEDIA\DEBUG\VP8VIDEORTPSOURCE.OBJ
C:\USERS\JH\DOCUMENTS\VISUAL STUDIO 2010\PROJECTS\LIVE555\LIVEMEDIA\DEBUG\WAVAUDIOFILESERVERMEDIASUBSESSION.OBJ
C:\USERS\JH\DOCUMENTS\VISUAL STUDIO 2010\PROJECTS\LIVE555\LIVEMEDIA\DEBUG\WAVAUDIOFILESOURCE.OBJ
